app/build/outputs/mapping/release/seeds.txt
com.ichangemycity.swachhbharatengineer.CommentsActivity
com.ichangemycity.swachhbharatengineer.ComplaintDetailNew: ComplaintDetailNew()
com.ichangemycity.swachhbharatengineer.CommentsActivity_ViewBinding: CommentsActivity_ViewBinding(com.ichangemycity.swachhbharatengineer.CommentsActivity,android.view.View)
com.ichangemycity.swachhbharatengineer.ComplaintDetailNew_ViewBinding
com.ichangemycity.swachhbharatengineer.OTPVerification
com.ichangemycity.swachhbharatengineer.ChangeStatusActivity: ChangeStatusActivity()
com.ichangemycity.swachhbharatengineer.ChangeStatusActivity_ViewBinding
com.ichangemycity.swachhbharatengineer.UserMobileNumber: UserMobileNumber()
com.ichangemycity.swachhbharatengineer.UserMobileNumber_ViewBinding: UserMobileNumber_ViewBinding(com.ichangemycity.swachhbharatengineer.UserMobileNumber,android.view.View)
com.ichangemycity.swachhbharatengineer.AndroidCustomGalleryActivity_ViewBinding: AndroidCustomGalleryActivity_ViewBinding(com.ichangemycity.swachhbharatengineer.AndroidCustomGalleryActivity,android.view.View)
com.ichangemycity.swachhbharatengineer.ViewAllMediaActivity_ViewBinding
com.ichangemycity.swachhbharatengineer.ViewAllMediaActivity
com.ichangemycity.swachhbharatengineer.SetEmailPasswordActivity: SetEmailPasswordActivity()
com.ichangemycity.swachhbharatengineer.SelectImageDialogActivity
com.ichangemycity.swachhbharatengineer.SetEmailPasswordActivity_ViewBinding: SetEmailPasswordActivity_ViewBinding(com.ichangemycity.swachhbharatengineer.SetEmailPasswordActivity,android.view.View)
com.ichangemycity.swachhbharatengineer.NotificationActivity
com.ichangemycity.swachhbharatengineer.ComplaintDetail: ComplaintDetail()
com.ichangemycity.swachhbharatengineer.UserMobileNumber_ViewBinding
com.ichangemycity.swachhbharatengineer.ChangeStatusActivity
com.ichangemycity.swachhbharatengineer.ViewAllMediaActivity_ViewBinding: ViewAllMediaActivity_ViewBinding(com.ichangemycity.swachhbharatengineer.ViewAllMediaActivity,android.view.View)
com.ichangemycity.swachhbharatengineer.CommentsActivity: CommentsActivity()
com.ichangemycity.swachhbharatengineer.SelectImageDialogActivity: SelectImageDialogActivity()
com.ichangemycity.swachhbharatengineer.ComplaintDetail
com.ichangemycity.swachhbharatengineer.ViewAllMediaActivity: ViewAllMediaActivity()
com.ichangemycity.swachhbharatengineer.Splashscreen_ViewBinding: Splashscreen_ViewBinding(com.ichangemycity.swachhbharatengineer.Splashscreen,android.view.View)
com.ichangemycity.swachhbharatengineer.VoteupsActivity
com.ichangemycity.swachhbharatengineer.OTPVerification_ViewBinding
com.ichangemycity.swachhbharatengineer.Splashscreen_ViewBinding
com.ichangemycity.swachhbharatengineer.Splashscreen: Splashscreen()
com.ichangemycity.swachhbharatengineer.MainActivity: MainActivity()
com.ichangemycity.swachhbharatengineer.SelectLanguage: SelectLanguage()
com.ichangemycity.swachhbharatengineer.Splashscreen
com.ichangemycity.swachhbharatengineer.SelectLanguage
com.ichangemycity.swachhbharatengineer.AndroidCustomGalleryActivity
com.ichangemycity.swachhbharatengineer.OTPVerification: OTPVerification()
com.ichangemycity.swachhbharatengineer.UserMobileNumber
com.ichangemycity.swachhbharatengineer.SetEmailPasswordActivity
com.ichangemycity.swachhbharatengineer.AndroidCustomGalleryActivity: AndroidCustomGalleryActivity()
com.ichangemycity.swachhbharatengineer.CommentsActivity_ViewBinding
com.ichangemycity.swachhbharatengineer.MainActivity
com.ichangemycity.swachhbharatengineer.OTPVerification_ViewBinding: OTPVerification_ViewBinding(com.ichangemycity.swachhbharatengineer.OTPVerification,android.view.View)
com.ichangemycity.swachhbharatengineer.ComplaintDetailNew
com.ichangemycity.swachhbharatengineer.ComplaintDetailNew_ViewBinding: ComplaintDetailNew_ViewBinding(com.ichangemycity.swachhbharatengineer.ComplaintDetailNew,android.view.View)
com.ichangemycity.swachhbharatengineer.SetEmailPasswordActivity_ViewBinding
com.ichangemycity.swachhbharatengineer.AndroidCustomGalleryActivity_ViewBinding
...
com.google.android.material.floatingactionbutton.ExtendedFloatingActionButton: void setExtendMotionSpecResource(int)
butterknife.Setter
com.google.android.material.floatingactionbutton.FloatingActionButton: void setCompatElevationResource(int)
com.google.android.gms.location.LocationSettingsStates: android.os.Parcelable$Creator CREATOR
com.google.android.material.button.MaterialButton: int getCornerRadius()
org.acra.file.Directory$8
com.google.android.material.bottomappbar.BottomAppBar$Behavior: BottomAppBar$Behavior(android.content.Context,android.util.AttributeSet)
com.google.firebase.analytics.FirebaseAnalytics: void setCurrentScreen(android.app.Activity,java.lang.String,java.lang.String)
butterknife.ButterKnife: ButterKnife()
com.google.android.material.chip.ChipGroup: void setChipSpacing(int)
com.google.firebase.messaging.FirebaseMessagingService: FirebaseMessagingService()
com.google.android.material.button.MaterialButtonToggleGroup: java.lang.CharSequence getAccessibilityClassName()
com.google.android.material.button.MaterialButton: void setShouldDrawSurfaceColorStroke(boolean)
com.theartofdev.edmodo.cropper.CropImageView: void setOnCropWindowChangedListener(com.theartofdev.edmodo.cropper.CropImageView$OnSetCropWindowChangeListener)
androidx.constraintlayout.widget.ConstraintAttribute$AttributeType: androidx.constraintlayout.widget.ConstraintAttribute$AttributeType[] values()
butterknife.R$styleable
butterknife.OnFocusChange
com.google.android.material.transformation.ExpandableBehavior: ExpandableBehavior(android.content.Context,android.util.AttributeSet)
com.google.android.material.floatingactionbutton.FloatingActionButton: void setTranslationX(float)
androidx.appcompat.widget.AppCompatTextView: void setPrecomputedText(androidx.core.text.PrecomputedTextCompat)
com.google.android.material.textfield.TextInputLayout: void setHint(int)
butterknife.BindFont
org.acra.ACRA: java.lang.String PREF_USER_EMAIL_ADDRESS
com.google.android.material.tabs.TabLayout: void setTabIconTintResource(int)
androidx.coordinatorlayout.widget.CoordinatorLayout$Behavior: CoordinatorLayout$Behavior()
androidx.appcompat.widget.Toolbar: android.graphics.drawable.Drawable getCollapseIcon()
com.google.android.material.chip.Chip: void setChipDrawable(com.google.android.material.chip.ChipDrawable)
androidx.appcompat.view.menu.ActionMenuItemView
butterknife.OnItemClick
org.acra.sender.HttpSender$Method$2: HttpSender$Method$2(java.lang.String,int)
com.google.firebase.iid.zzb: zzb()
butterknife.R$attr
com.theartofdev.edmodo.cropper.CropImageView: void setShowProgressBar(boolean)
com.google.android.gms.measurement.AppMeasurementInstallReferrerReceiver
androidx.viewpager.widget.ViewPager: void setCurrentItem(int)
com.google.android.material.floatingactionbutton.FloatingActionButton: void setTranslationZ(float)
com.android.volley.toolbox.NetworkImageView
androidx.versionedparcelable.CustomVersionedParcelable
com.google.android.material.chip.Chip: void setChipIconVisible(boolean)
androidx.core.widget.NestedScrollView
com.google.android.material.textfield.TextInputLayout: void setEndIconOnLongClickListener(android.view.View$OnLongClickListener)
org.acra.ReportField: org.acra.ReportField[] values()
com.google.android.material.textfield.TextInputLayout: android.widget.TextView getSuffixTextView()
androidx.appcompat.widget.AppCompatTextView: void setTextFuture(java.util.concurrent.Future)
com.google.android.material.chip.Chip: void setShapeAppearanceModel(com.google.android.material.shape.ShapeAppearanceModel)
com.google.android.material.button.MaterialButton: void setBackgroundTintList(android.content.res.ColorStateList)
com.google.android.material.chip.Chip: android.content.res.ColorStateList getRippleColor()
androidx.constraintlayout.widget.Guideline: Guideline(android.content.Context,android.util.AttributeSet)
androidx.appcompat.widget.AppCompatButton: void setAutoSizeTextTypeWithDefaults(int)