app/build/outputs/mapping/release/mapping.txt
# compiler: R8
# compiler_version: 2.1.86
# min_api: 18
# pg_map_id: a67a33a
# common_typos_disable
com.ichangemycity.swachhbharatengineer.-$$Lambda$AndroidCustomGalleryActivity$L00anarpvsb-oR-fK1zJfqKRUA8 -> com.ichangemycity.swachhbharatengineer.a:
    com.ichangemycity.swachhbharatengineer.AndroidCustomGalleryActivity f$0 -> b
com.ichangemycity.swachhbharatengineer.-$$Lambda$AndroidCustomGalleryActivity$eWtt5jHoGehZ64UqaDgacU0w3Cg -> com.ichangemycity.swachhbharatengineer.b:
    com.ichangemycity.swachhbharatengineer.AndroidCustomGalleryActivity f$0 -> b
com.ichangemycity.swachhbharatengineer.-$$Lambda$AndroidCustomGalleryActivity$jL_pcZXsTqrNzJR0LMpvnkqy6i4 -> com.ichangemycity.swachhbharatengineer.c:
    com.ichangemycity.swachhbharatengineer.AndroidCustomGalleryActivity f$0 -> b
com.ichangemycity.swachhbharatengineer.-$$Lambda$AndroidCustomGalleryActivity$tnyVv0lVt8g7TtF-K_9ESwkVAUQ -> com.ichangemycity.swachhbharatengineer.d:
    com.ichangemycity.swachhbharatengineer.AndroidCustomGalleryActivity f$0 -> b
com.ichangemycity.swachhbharatengineer.-$$Lambda$AndroidCustomGalleryActivity$wxFQCRGwoghuYGqQqgOFPFg9T3Y -> com.ichangemycity.swachhbharatengineer.e:
    com.ichangemycity.swachhbharatengineer.-$$Lambda$AndroidCustomGalleryActivity$wxFQCRGwoghuYGqQqgOFPFg9T3Y INSTANCE -> b
com.ichangemycity.swachhbharatengineer.-$$Lambda$ChangeStatusActivity$-8TF9PoN4JvETh8GfbtG1XbPsxc -> com.ichangemycity.swachhbharatengineer.f:
    com.ichangemycity.swachhbharatengineer.ChangeStatusActivity f$0 -> b
com.ichangemycity.swachhbharatengineer.-$$Lambda$ChangeStatusActivity$2V-52b3CW8kFEiFjwgRqGaIx0nY -> com.ichangemycity.swachhbharatengineer.g:
    com.ichangemycity.swachhbharatengineer.ChangeStatusActivity f$0 -> b
com.ichangemycity.swachhbharatengineer.-$$Lambda$ChangeStatusActivity$9PSrcpmayaUaciu_lFvFJwhkOx0 -> com.ichangemycity.swachhbharatengineer.h:
    com.ichangemycity.swachhbharatengineer.ChangeStatusActivity f$0 -> b
com.ichangemycity.swachhbharatengineer.-$$Lambda$ChangeStatusActivity$_pe9JVEvD0k1ThDnzWAXUoXENw4 -> com.ichangemycity.swachhbharatengineer.i:
    com.ichangemycity.swachhbharatengineer.-$$Lambda$ChangeStatusActivity$_pe9JVEvD0k1ThDnzWAXUoXENw4 INSTANCE -> a
    void onErrorResponse(com.android.volley.VolleyError) -> a
com.ichangemycity.swachhbharatengineer.-$$Lambda$ChangeStatusActivity$ezeOZ8X67avrERAXlTtP4RuZYMw -> com.ichangemycity.swachhbharatengineer.j:
    com.ichangemycity.swachhbharatengineer.-$$Lambda$ChangeStatusActivity$ezeOZ8X67avrERAXlTtP4RuZYMw INSTANCE -> b
com.ichangemycity.swachhbharatengineer.-$$Lambda$ChangeStatusActivity$f3xbo20rIx6Fr7exWs74hGqtr5g -> com.ichangemycity.swachhbharatengineer.k:
    com.ichangemycity.swachhbharatengineer.ChangeStatusActivity f$0 -> a
    void onResponse(java.lang.Object) -> a
com.ichangemycity.swachhbharatengineer.-$$Lambda$ChangeStatusActivity$zdk4n1sfpvpptVtWynPIgiqoXhc -> com.ichangemycity.swachhbharatengineer.l:
    com.ichangemycity.swachhbharatengineer.ChangeStatusActivity f$0 -> b
com.ichangemycity.swachhbharatengineer.-$$Lambda$CommentsActivity$5mEz0oecGMxHdT2dLXDO5LFga-0 -> com.ichangemycity.swachhbharatengineer.m:
    com.ichangemycity.swachhbharatengineer.CommentsActivity f$0 -> b
com.ichangemycity.swachhbharatengineer.-$$Lambda$CommentsActivity$E646zS1aJz8oQTBRIbn9PuaYGoI -> com.ichangemycity.swachhbharatengineer.n:
    com.ichangemycity.swachhbharatengineer.CommentsActivity f$0 -> a
    void onResponse(java.lang.Object) -> a
com.ichangemycity.swachhbharatengineer.-$$Lambda$CommentsActivity$Ly1Af7D-aYUZjNts2FyixdBaPUQ -> com.ichangemycity.swachhbharatengineer.o:
    com.ichangemycity.swachhbharatengineer.CommentsActivity f$0 -> b
com.ichangemycity.swachhbharatengineer.-$$Lambda$CommentsActivity$e58me70CfEzYkhYxVAQxjCgrLYQ -> com.ichangemycity.swachhbharatengineer.p:
    com.ichangemycity.swachhbharatengineer.-$$Lambda$CommentsActivity$e58me70CfEzYkhYxVAQxjCgrLYQ INSTANCE -> a
    void onErrorResponse(com.android.volley.VolleyError) -> a
...
androidx.core.view.OneShotPreDrawListener -> b.g.l.q:
    java.lang.Runnable mRunnable -> d
    android.view.ViewTreeObserver mViewTreeObserver -> c
    android.view.View mView -> b
    1:4:void <init>(android.view.View,java.lang.Runnable):43:46 -> <init>
    1:3:androidx.core.view.OneShotPreDrawListener add(android.view.View,java.lang.Runnable):62:64 -> a
    4:4:androidx.core.view.OneShotPreDrawListener add(android.view.View,java.lang.Runnable):60:60 -> a
    5:5:androidx.core.view.OneShotPreDrawListener add(android.view.View,java.lang.Runnable):59:59 -> a
    1:2:void removeListener():80:81 -> b
    3:3:void removeListener():83:83 -> b
    4:4:void removeListener():85:85 -> b
    1:2:boolean onPreDraw():70:71 -> onPreDraw
    1:1:void onViewAttachedToWindow(android.view.View):90:90 -> onViewAttachedToWindow
    1:1:void onViewDetachedFromWindow(android.view.View):95:95 -> onViewDetachedFromWindow
androidx.core.view.PointerIconCompat -> b.g.l.r:
    java.lang.Object mPointerIcon -> a
    1:2:void <init>(java.lang.Object):107:108 -> <init>
    1:1:java.lang.Object getPointerIcon():116:116 -> a
    1:2:androidx.core.view.PointerIconCompat getSystemIcon(android.content.Context,int):130:131 -> b
    3:3:androidx.core.view.PointerIconCompat getSystemIcon(android.content.Context,int):133:133 -> b
androidx.core.view.TintableBackgroundView -> b.g.l.s:
androidx.core.view.ViewCompat -> b.g.l.t:
    java.util.concurrent.atomic.AtomicInteger sNextGeneratedId -> a
    java.lang.reflect.Field sAccessibilityDelegateField -> h
    boolean sAccessibilityDelegateCheckFailed -> i
    java.util.WeakHashMap sViewPropertyAnimatorMap -> g
    java.lang.reflect.Field sMinHeightField -> d
    boolean sMinHeightFieldFetched -> e
    java.util.WeakHashMap sTransitionNameMap -> f
    java.lang.reflect.Field sMinWidthField -> b
    java.lang.ThreadLocal sThreadLocalRect -> j
    int[] ACCESSIBILITY_ACTIONS_RESOURCE_IDS -> k
    boolean sMinWidthFieldFetched -> c
    1:1:void <clinit>():461:461 -> <clinit>
    2:2:void <clinit>():473:473 -> <clinit>
    3:3:void <clinit>():477:477 -> <clinit>
    4:4:void <clinit>():1226:1226 -> <clinit>
    5:5:void <clinit>():4171:4171 -> <clinit>
    1:2:int getImportantForAutofill(android.view.View):772:773 -> A
    1:2:void setScrollIndicators(android.view.View,int,int):3492:3493 -> A0
    1:2:int getLayoutDirection(android.view.View):1557:1558 -> B
    1:2:void setTransitionName(android.view.View,java.lang.String):2333:2334 -> B0
    3:4:void setTransitionName(android.view.View,java.lang.String):2336:2337 -> B0
    5:5:void setTransitionName(android.view.View,java.lang.String):2339:2339 -> B0
    1:2:int getMinimumHeight(android.view.View):1980:1981 -> C
    3:3:int getMinimumHeight(android.view.View):1984:1984 -> C
    4:5:int getMinimumHeight(android.view.View):1986:1987 -> C
androidx.core.view.ViewCompat$1 -> b.g.l.t$a:
    androidx.core.view.OnApplyWindowInsetsListener val$listener -> a
    1:1:void <init>(androidx.core.view.OnApplyWindowInsetsListener):2469:2469 -> <init>
    1:3:android.view.WindowInsets onApplyWindowInsets(android.view.View,android.view.WindowInsets):2473:2475 -> onApplyWindowInsets
androidx.core.view.ViewCompat$3 -> b.g.l.t$b:
    1:1:void <init>(int,java.lang.Class,int):3928:3928 -> <init>
    1:1:java.lang.Object frameworkGet(android.view.View):3928:3928 -> d
    1:1:void frameworkSet(android.view.View,java.lang.Object):3928:3928 -> e
    1:1:boolean shouldUpdate(java.lang.Object,java.lang.Object):3928:3928 -> h
    1:1:java.lang.Boolean frameworkGet(android.view.View):3933:3933 -> i
    1:1:void frameworkSet(android.view.View,java.lang.Boolean):3939:3939 -> j
    1:1:boolean shouldUpdate(java.lang.Boolean,java.lang.Boolean):3944:3944 -> k