app/build/outputs/mapping/release/usage.txt
com.ichangemycity.swachhbharatengineer.CommentsActivity_ViewBinding:
    public void <init>(com.ichangemycity.swachhbharatengineer.CommentsActivity)
    public void unbind()
com.ichangemycity.swachhbharatengineer.R$xml
com.ichangemycity.swachhbharatengineer.ChangeStatusActivity_ViewBinding:
    public void <init>(com.ichangemycity.swachhbharatengineer.ChangeStatusActivity)
    public void unbind()
com.ichangemycity.swachhbharatengineer.ComplaintDetailNew:
    private void initiateChangeStatusEventListener()
    private void inflateDialogtoShowChangeStatusMenu()
    private synthetic void lambda$initiateChangeStatusEventListener$2(android.view.View)
    private synthetic void lambda$initiateChangeStatusEventListener$1(android.view.View)
    java.util.ArrayList cStatusListData
com.ichangemycity.swachhbharatengineer.R$string
com.ichangemycity.swachhbharatengineer.R$layout
com.ichangemycity.swachhbharatengineer.SelectImageDialogActivity:
    public android.app.Activity getActivity()
    private static final int CAMERA_CAPTURE_IMAGE_REQUEST_CODE
    private static final int OPEN_MEDIA_PICKER
com.ichangemycity.swachhbharatengineer.AndroidCustomGalleryActivity_ViewBinding:
    public void <init>(com.ichangemycity.swachhbharatengineer.AndroidCustomGalleryActivity)
    public void unbind()
com.ichangemycity.swachhbharatengineer.CheckConnectivity:
    public void <init>()
com.ichangemycity.swachhbharatengineer.BuildConfig
com.ichangemycity.swachhbharatengineer.R$dimen
com.ichangemycity.swachhbharatengineer.R$interpolator
com.ichangemycity.swachhbharatengineer.R$color
com.ichangemycity.swachhbharatengineer.ViewAllMediaActivity_ViewBinding:
    public void <init>(com.ichangemycity.swachhbharatengineer.ViewAllMediaActivity)
    public void unbind()
com.ichangemycity.swachhbharatengineer.R$drawable
com.ichangemycity.swachhbharatengineer.R$anim
com.ichangemycity.swachhbharatengineer.Splashscreen_ViewBinding:
    public void <init>(com.ichangemycity.swachhbharatengineer.Splashscreen)
    public void unbind()
com.ichangemycity.swachhbharatengineer.R$integer
com.ichangemycity.swachhbharatengineer.ComplaintDetailNew_ViewBinding:
    public void <init>(com.ichangemycity.swachhbharatengineer.ComplaintDetailNew)
    public void unbind()
com.ichangemycity.swachhbharatengineer.OTPVerification_ViewBinding:
    public void <init>(com.ichangemycity.swachhbharatengineer.OTPVerification)
    public void unbind()
com.ichangemycity.swachhbharatengineer.R$id
com.ichangemycity.swachhbharatengineer.R$font
com.ichangemycity.swachhbharatengineer.R$animator
com.ichangemycity.swachhbharatengineer.UserMobileNumber_ViewBinding:
    public void <init>(com.ichangemycity.swachhbharatengineer.UserMobileNumber)
    public void unbind()
com.ichangemycity.swachhbharatengineer.R$menu
com.ichangemycity.swachhbharatengineer.UserMobileNumber:
    private void setToolbarAndCustomizeTitle(androidx.appcompat.widget.Toolbar,java.lang.String)
    private static synthetic void lambda$setToolbarAndCustomizeTitle$1(android.view.View)
com.ichangemycity.swachhbharatengineer.SetEmailPasswordActivity_ViewBinding:
    public void <init>(com.ichangemycity.swachhbharatengineer.SetEmailPasswordActivity)
    public void unbind()
com.ichangemycity.swachhbharatengineer.SelectLanguage:
    public android.app.Activity getActivity()
com.ichangemycity.swachhbharatengineer.R
com.ichangemycity.swachhbharatengineer.R$style
com.ichangemycity.swachhbharatengineer.R$mipmap
com.ichangemycity.swachhbharatengineer.R$plurals
com.ichangemycity.swachhbharatengineer.R$styleable
com.ichangemycity.swachhbharatengineer.Splashscreen:
    public android.app.Activity getActivity()
com.ichangemycity.swachhbharatengineer.ComplaintDetailNew$SetListData
com.ichangemycity.swachhbharatengineer.R$raw
com.ichangemycity.swachhbharatengineer.R$attr
com.ichangemycity.swachhbharatengineer.R$bool
...
com.google.android.gms.internal.measurement.zzfn
com.google.android.material.datepicker.DateValidatorPointForward$1
com.google.android.gms.common.api.internal.RemoteCall
androidx.recyclerview.widget.RecyclerView$State:
    public boolean isMeasuring()
    public boolean willRunSimpleAnimations()
    public void remove(int)
    public java.lang.Object get(int)
    public void put(int,java.lang.Object)
    public boolean didStructureChange()
    public int getRemainingScrollHorizontal()
    public int getRemainingScrollVertical()
    static final int STEP_START
    static final int STEP_LAYOUT
    static final int STEP_ANIMATIONS
com.theartofdev.edmodo.cropper.CropImage:
    private void <init>()
    public static android.graphics.Bitmap toOvalBitmap(android.graphics.Bitmap)
    public static void startPickImageActivity(android.content.Context,androidx.fragment.app.Fragment)
    public static android.content.Intent getCameraIntent(android.content.Context,android.net.Uri)
    public static com.theartofdev.edmodo.cropper.CropImage$ActivityBuilder activity()
    public static final java.lang.String CROP_IMAGE_EXTRA_SOURCE
    public static final java.lang.String CROP_IMAGE_EXTRA_OPTIONS
    public static final java.lang.String CROP_IMAGE_EXTRA_BUNDLE
    public static final java.lang.String CROP_IMAGE_EXTRA_RESULT
    public static final int PICK_IMAGE_CHOOSER_REQUEST_CODE
    public static final int PICK_IMAGE_PERMISSIONS_REQUEST_CODE
    public static final int CAMERA_CAPTURE_PERMISSIONS_REQUEST_CODE
    public static final int CROP_IMAGE_ACTIVITY_REQUEST_CODE
    public static final int CROP_IMAGE_ACTIVITY_RESULT_ERROR_CODE
androidx.loader.R$style
androidx.constraintlayout.motion.widget.Debug:
    public void <init>()
    public static void logStack(java.lang.String,java.lang.String,int)
    public static void printStack(java.lang.String,int)
    public static void dumpPoc(java.lang.Object)
    public static java.lang.String getName(android.content.Context,int)
    public static java.lang.String getName(android.content.Context,int[])
    public static java.lang.String getState(androidx.constraintlayout.motion.widget.MotionLayout,int)
    public static java.lang.String getActionType(android.view.MotionEvent)
    public static java.lang.String getLocation()
    public static java.lang.String getLoc()
    public static java.lang.String getLocation2()
    public static java.lang.String getCallFrom(int)
    public static void dumpLayoutParams(android.view.ViewGroup,java.lang.String)
    public static void dumpLayoutParams(android.view.ViewGroup$LayoutParams,java.lang.String)
androidx.viewpager2.widget.ViewPager2$SavedState
com.bumptech.glide.load.model.stream.HttpGlideUrlLoader:
    public void <init>()
com.google.android.gms.maps.model.zzk
com.google.android.material.tabs.TabLayout$LabelVisibility
androidx.cardview.R
butterknife.runtime.R$dimen
androidx.activity.R$integer
com.google.android.gms.internal.measurement.zzdh
butterknife.OnPageChange:
    public abstract int[] value()
    public abstract butterknife.OnPageChange$Callback callback()
com.bumptech.glide.annotation.GlideType
com.google.android.gms.common.internal.ServiceSpecificExtraArgs$GamesExtraArgs
com.google.android.material.appbar.AppBarLayout$BaseBehavior:
    public void setDragCallback(com.google.android.material.appbar.AppBarLayout$BaseBehavior$BaseDragCallback)
    boolean isOffsetAnimatorRunning()
    private static final int MAX_OFFSET_ANIMATION_DURATION
    private static final int INVALID_POSITION
androidx.appcompat.view.menu.MenuPresenter:
    public abstract androidx.appcompat.view.menu.MenuView getMenuView(android.view.ViewGroup)
androidx.drawerlayout.R$integer